<?xml version="1.0" encoding="UTF-8"?>
<testng-results ignored="0" total="1" passed="1" failed="0" skipped="0">
  <reporter-output>
  </reporter-output>
  <suite started-at="2022-05-11T17:59:28 IST" name="Default suite" finished-at="2022-05-11T17:59:58 IST" duration-ms="30129">
    <groups>
    </groups>
    <test started-at="2022-05-11T17:59:28 IST" name="Default test" finished-at="2022-05-11T17:59:58 IST" duration-ms="30129">
      <class name="Youtube.HomePage">
        <test-method is-config="true" signature="initialize()[pri:0, instance:Youtube.HomePage@2805d709]" started-at="2022-05-11T17:59:28 IST" name="initialize" finished-at="2022-05-11T17:59:49 IST" duration-ms="20992" status="PASS">
          <reporter-output>
          </reporter-output>
        </test-method> <!-- initialize -->
        <test-method signature="Homepagenavigation()[pri:0, instance:Youtube.HomePage@2805d709]" started-at="2022-05-11T17:59:49 IST" name="Homepagenavigation" finished-at="2022-05-11T17:59:53 IST" duration-ms="3685" status="PASS">
          <reporter-output>
          </reporter-output>
        </test-method> <!-- Homepagenavigation -->
        <test-method is-config="true" signature="close()[pri:0, instance:Youtube.HomePage@2805d709]" started-at="2022-05-11T17:59:53 IST" name="close" finished-at="2022-05-11T17:59:58 IST" duration-ms="5346" status="PASS">
          <reporter-output>
          </reporter-output>
        </test-method> <!-- close -->
      </class> <!-- Youtube.HomePage -->
    </test> <!-- Default test -->
  </suite> <!-- Default suite -->
</testng-results>
